<?xml version="1.0" encoding="UTF-8"?>
<!-- Generated by org.testng.reporters.JUnitReportReporter -->
<testsuite skipped="0" hostname="DESKTOP-K3VPPGC" name="com.crm.qa.test.LoginPageTest" tests="2" failures="0" timestamp="18 Jan 2020 06:27:08 GMT" time="24.254" errors="0">
  <testcase name="LoginpageTitletest" time="13.999" classname="com.crm.qa.test.LoginPageTest"/>
  <testcase name="LoginTest" time="10.255" classname="com.crm.qa.test.LoginPageTest"/>
</testsuite> <!-- com.crm.qa.test.LoginPageTest -->
