<?xml version="1.0" encoding="UTF-8"?>
<!-- Generated by org.testng.reporters.JUnitReportReporter -->
<testsuite skipped="0" hostname="DESKTOP-K3VPPGC" name="com.crm.qa.test.HomePageTest" tests="3" failures="0" timestamp="18 Jan 2020 05:40:28 GMT" time="34.126" errors="0">
  <testcase name="verifyhomepagetitle" time="9.822" classname="com.crm.qa.test.HomePageTest"/>
  <testcase name="usernamelable" time="11.894" classname="com.crm.qa.test.HomePageTest"/>
  <testcase name="verifycontactlink" time="12.410" classname="com.crm.qa.test.HomePageTest"/>
</testsuite> <!-- com.crm.qa.test.HomePageTest -->
